[2017-10-27 13:54:08] Fatal Error at FeedLine 28: InvalidKeyword
[2017-10-27 13:54:08] Adgroup: 'Exoderil 1% Lösung (AT-P1130130-20ML)' Removed due to error in keyword
[2017-10-27 13:54:12] Fatal Error at FeedLine 37: violatingText=Liposinol
[2017-10-27 13:54:13] Adgroup: 'Liposinol plus  (AT-P3393678-60ST)' Removed due to error creating ads
[2017-10-27 13:54:17] Fatal Error at FeedLine 46: violatingText=Alkohol
[2017-10-27 13:54:18] Adgroup: 'Leaton sine (AT-P3129792-500ML)' Removed due to error creating ads
[2017-10-27 13:54:21] Fatal Error at FeedLine 48: violatingText=Ginkgo
[2017-10-27 13:54:22] Adgroup: 'Leaton complete (AT-P3207262-500ML)' Removed due to error creating ads
[2017-10-27 13:54:27] Product: 'Nasivin Sanft Spray 0,025% (auch für Kleinkinder) - Nachfolge PZN 4457446' Resumed
[2017-10-27 13:54:28] Fatal Error at FeedLine 85: Uncaught SoapFault exception: [Client] SOAP-ERROR: Encoding: string 'Cheap Luuf Efeu Hustensirup f\xc3...' is not a valid utf-8 string in /Applications/XAMPP/xamppfiles/htdocs/Adwords/src/Google/AdsApi/Common/AdsSoapClient.php:119
Stack trace:
#0 /Applications/XAMPP/xamppfiles/htdocs/Adwords/src/Google/AdsApi/Common/AdsSoapClient.php(119): SoapClient->__soapCall('mutate', Array, NULL, Array, Array)
#1 /Applications/XAMPP/xamppfiles/htdocs/Adwords/src/Google/AdsApi/AdWords/v201708/cm/AdGroupAdService.php(191): Google\AdsApi\Common\AdsSoapClient->__soapCall('mutate', Array)
#2 /Applications/XAMPP/xamppfiles/htdocs/Adwords/Ztobs/Classes/AddAds.php(65): Google\AdsApi\AdWords\v201708\cm\AdGroupAdService->mutate(Array)
#3 /Applications/XAMPP/xamppfiles/htdocs/Adwords/functions.php(186): Ztobs\Classes\AddAds::run(Object(Google\AdsApi\AdWords\AdWordsServices), Object(Google\AdsApi\AdWords\AdWordsSession), 47856215957, Array)
#4 /Applications/XAMPP/xamppfiles/htdocs/Adwords/functions.php(984): createAds(47856215957, A
[2017-10-27 13:54:29] Adgroup: 'Luuf Efeu Hustensirup für Kinder (AT-P3512143-100ML)' Removed due to error creating ads
[2017-10-27 13:54:32] Fatal Error at FeedLine 87: violatingText=Tabletten
[2017-10-27 13:54:33] Adgroup: 'Similasan Tabletten gegen Magen-Darm-Beschwerden (AT-P3545266-60ST)' Removed due to error creating ads
[2017-10-27 13:54:37] Fatal Error at FeedLine 88: violatingText=Tabletten
[2017-10-27 13:54:37] Adgroup: 'Similasan Tabletten gegen Magenbeschwerden (AT-P3545272-60ST)' Removed due to error creating ads
[2017-10-27 13:54:41] Fatal Error at FeedLine 89: violatingText=Tabletten
[2017-10-27 13:54:42] Adgroup: 'Similasan Tabletten gegen Heuschnupfen (AT-P3545243-80ST)' Removed due to error creating ads
[2017-10-27 13:54:45] Fatal Error at FeedLine 90: violatingText=Tabletten
[2017-10-27 13:54:46] Adgroup: 'Similasan Tabletten gegen Angina (AT-P3545220-60ST)' Removed due to error creating ads
[2017-10-27 13:54:49] Fatal Error at FeedLine 91: violatingText=Echinacea
[2017-10-27 13:54:50] Adgroup: 'Similasan Echinacea Globuli (AT-P1315148-15G)' Removed due to error creating ads
