[2017-09-23 14:10:14] Remove** AdGroup: Xenofit (AT-P2386392-1ST) With Ads and Keywords
[2017-09-23 14:10:17] Remove** AdGroup: Leaton complete (AT-P3207262-500ML) With Ads and Keywords
[2017-09-23 14:10:20] Remove** AdGroup: Liposinol plus (AT-P3393678-60ST) With Ads and Keywords
[2017-09-23 14:10:22] Remove** AdGroup: Centrum von A-Zink (AT-P3378302-30ST) With Ads and Keywords
[2017-09-23 14:10:25] Remove** AdGroup: CarboSlim Day (AT-P3108985-60ST) With Ads and Keywords
[2017-09-23 14:10:39] Create AdGroup: Xenofit With 2 Ads Variations and Keywords (Xenofit)
[2017-09-23 14:10:45] Fatal Error at FeedLine 3: Uncaught Google\AdsApi\AdWords\v201708\cm\ApiException: [PolicyViolationError{super=PolicyViolationError.POLICY_ERROR @ operations[1].operand.ad.description, key=PolicyViolationKey{policyName=ru_biologically_active_additive,violatingText=Lutein}, externalPolicyName=Google AdWords, externalPolicyUrl=, externalPolicyDescription=This ad or keyword requires review before it can run., isExemtable=true, violatingParts=[Part{index=31, length=6}]}, PolicyViolationError{super=PolicyViolationError.POLICY_ERROR @ operations[1].operand.ad.description, key=PolicyViolationKey{policyName=pharma,violatingText=Ginkgo}, externalPolicyName=Online pharmacy certification required, externalPolicyUrl=, externalPolicyDescription=Your ad appears to contain pharmacy-related content.

Google policy requires online pharmacies* in the U.S. to be accredited by the National Association Boards of Pharmacy. Additionally, these pharmacies may direct ads only to users in the country in which they are accredited.

Google policy also requires on
[2017-09-23 14:10:59] Fatal Error at FeedLine 4: Uncaught Google\AdsApi\AdWords\v201708\cm\ApiException: [PolicyViolationError{super=PolicyViolationError.POLICY_ERROR @ operations[1].operand.ad.headlinePart1, key=PolicyViolationKey{policyName=miracle_cures,violatingText=Liposinol}, externalPolicyName=Google AdWords, externalPolicyUrl=, externalPolicyDescription=This ad or keyword requires review before it can run., isExemtable=true, violatingParts=[Part{index=6, length=9}]}, PolicyViolationError{super=PolicyViolationError.POLICY_ERROR @ operations[0].operand.ad.headlinePart1, key=PolicyViolationKey{policyName=miracle_cures,violatingText=Liposinol}, externalPolicyName=Google AdWords, externalPolicyUrl=, externalPolicyDescription=This ad or keyword requires review before it can run., isExemtable=true, violatingParts=[Part{index=4, length=9}]}] in C:\xampp\htdocs\adwords\src\Google\AdsApi\Common\Util\Reflection.php:39
Stack trace:
#0 C:\xampp\htdocs\adwords\src\Google\AdsApi\Common\Util\Reflection.php(39): ReflectionClass->newInstanceArgs(Array)
#1 C:\xampp\ht
[2017-09-23 14:11:15] Create AdGroup: Centrum von A-Zink With 2 Ads Variations and Keywords (CentrumvonA-Zink)
[2017-09-23 14:11:23] Create AdGroup: CarboSlim Day With 2 Ads Variations and Keywords (CarboSlimDay)
[2017-09-23 14:16:34] Create Campaign: test 500
[2017-09-23 14:16:49] Remove** AdGroup: Xenofit (AT-P2386392-1ST) With Ads and Keywords
[2017-09-23 14:16:52] Remove** AdGroup: Liposinol plus (AT-P3393678-60ST) With Ads and Keywords
[2017-09-23 14:16:55] Remove** AdGroup: Leaton complete (AT-P3207262-500ML) With Ads and Keywords
[2017-09-23 14:16:59] Remove** AdGroup: Centrum von A-Zink (AT-P3378302-30ST) With Ads and Keywords
[2017-09-23 14:17:02] Remove** AdGroup: CarboSlim Day (AT-P3108985-60ST) With Ads and Keywords
[2017-09-23 14:17:11] Create AdGroup: Schüßler Salz Nr. 12 With 2 Ads Variations and Keywords (SchlerSalzNr12)
[2017-09-23 14:17:22] Create AdGroup: Schüßler Salz Nr. 12 With 2 Ads Variations and Keywords (SchlerSalzNr12)
[2017-09-23 14:17:31] Create AdGroup: Schüßler Salz Nr. 11 With 2 Ads Variations and Keywords (SchlerSalzNr11)
[2017-09-23 14:17:43] Create AdGroup: Schüßler Salz Nr. 11 With 2 Ads Variations and Keywords (SchlerSalzNr11)
[2017-09-23 14:17:53] Create AdGroup: Schüßler Salz Nr. 10 With 2 Ads Variations and Keywords (SchlerSalzNr10)
[2017-09-23 14:18:02] Create AdGroup: Schüßler Salz Nr. 10 With 2 Ads Variations and Keywords (SchlerSalzNr10)
[2017-09-23 14:18:11] Create AdGroup: Schüßler Salz Nr. 9 With 2 Ads Variations and Keywords (SchlerSalzNr9)
[2017-09-23 14:18:20] Create AdGroup: Schüßler Salz Nr. 9 With 2 Ads Variations and Keywords (SchlerSalzNr9)
[2017-09-23 14:18:29] Create AdGroup: Schüßler Salz Nr. 8 With 2 Ads Variations and Keywords (SchlerSalzNr8)
[2017-09-23 14:18:38] Create AdGroup: Schüßler Salz Nr. 8 With 2 Ads Variations and Keywords (SchlerSalzNr8)
[2017-09-23 14:18:53] Create AdGroup: Schüßler Salz Nr. 7 With 2 Ads Variations and Keywords (SchlerSalzNr7)
[2017-09-23 14:19:06] Create AdGroup: Schüßler Salz Nr. 7 With 2 Ads Variations and Keywords (SchlerSalzNr7)
[2017-09-23 14:19:15] Create AdGroup: Schüßler Salz Nr. 6 With 2 Ads Variations and Keywords (SchlerSalzNr6)
[2017-09-23 14:19:24] Create AdGroup: Schüßler Salz Nr. 6 With 2 Ads Variations and Keywords (SchlerSalzNr6)
[2017-09-23 14:19:34] Create AdGroup: Schüßler Salz Nr. 5 With 2 Ads Variations and Keywords (SchlerSalzNr5)
[2017-09-23 14:19:45] Create AdGroup: Schüßler Salz Nr. 5 With 2 Ads Variations and Keywords (SchlerSalzNr5)
[2017-09-23 14:19:56] Create AdGroup: Schüßler Salz Nr. 4 With 2 Ads Variations and Keywords (SchlerSalzNr4)
[2017-09-23 14:20:06] Create AdGroup: Schüßler Salz Nr. 4 With 2 Ads Variations and Keywords (SchlerSalzNr4)
[2017-09-23 14:20:15] Create AdGroup: Schüßler Salz Nr. 3 With 2 Ads Variations and Keywords (SchlerSalzNr3)
[2017-09-23 14:20:24] Create AdGroup: Schüßler Salz Nr. 3 With 2 Ads Variations and Keywords (SchlerSalzNr3)
[2017-09-23 14:20:34] Create AdGroup: Schüßler Salz Nr. 2 With 2 Ads Variations and Keywords (SchlerSalzNr2)
[2017-09-23 14:20:43] Create AdGroup: Schüßler Salz Nr. 2 With 2 Ads Variations and Keywords (SchlerSalzNr2)
[2017-09-23 14:20:54] Create AdGroup: Schüßler Salz Nr. 1 With 2 Ads Variations and Keywords (SchlerSalzNr1)
[2017-09-23 14:21:04] Create AdGroup: Schüßler Salz Nr. 1 With 2 Ads Variations and Keywords (SchlerSalzNr1)
[2017-09-23 14:21:04] **Error: The following cannot be empty in the feed; Description, Keywords, 
[2017-09-23 14:21:14] Create AdGroup: Bach Original Rescue With 2 Ads Variations and Keywords (BachOriginalRescue)
[2017-09-23 14:21:23] Create AdGroup: Exoderil 1% With 2 Ads Variations and Keywords (Exoderil1)
[2017-09-23 14:21:33] Create AdGroup: Dr. Kottas With 2 Ads Variations and Keywords (DrKottasDrKottasFrauenteeFrauentee)
[2017-09-23 14:21:43] Create AdGroup: Dr. Kottas With 2 Ads Variations and Keywords (DrKottas)
[2017-09-23 14:21:54] Create AdGroup: Dr. Kottas With 2 Ads Variations and Keywords (DrKottas)
[2017-09-23 14:22:04] Create AdGroup: Xenofit With 2 Ads Variations and Keywords (Xenofit)
[2017-09-23 14:22:14] Create AdGroup: Macalvit Orange With 2 Ads Variations and Keywords (MacalvitOrange)
[2017-09-23 14:22:21] Fatal Error at FeedLine 34: Uncaught Google\AdsApi\AdWords\v201708\cm\ApiException: [PolicyViolationError{super=PolicyViolationError.POLICY_ERROR @ operations[1].operand.ad.headlinePart1, key=PolicyViolationKey{policyName=miracle_cures,violatingText=Liposinol}, externalPolicyName=Google AdWords, externalPolicyUrl=, externalPolicyDescription=This ad or keyword requires review before it can run., isExemtable=true, violatingParts=[Part{index=6, length=9}]}, PolicyViolationError{super=PolicyViolationError.POLICY_ERROR @ operations[0].operand.ad.headlinePart1, key=PolicyViolationKey{policyName=miracle_cures,violatingText=Liposinol}, externalPolicyName=Google AdWords, externalPolicyUrl=, externalPolicyDescription=This ad or keyword requires review before it can run., isExemtable=true, violatingParts=[Part{index=4, length=9}]}] in C:\xampp\htdocs\adwords\src\Google\AdsApi\Common\Util\Reflection.php:39
Stack trace:
#0 C:\xampp\htdocs\adwords\src\Google\AdsApi\Common\Util\Reflection.php(39): ReflectionClass->newInstanceArgs(Array)
#1 C:\xampp\ht
[2017-09-23 14:22:27] **Error: The following cannot be empty in the feed; Description, Keywords, 
[2017-09-23 14:22:39] Create AdGroup: Viburcol With 2 Ads Variations and Keywords (Viburcol)
[2017-09-23 14:22:39] **Error: The following cannot be empty in the feed; Description, Keywords, 
[2017-09-23 14:22:39] **Error: The following cannot be empty in the feed; Description, Keywords, 
[2017-09-23 14:22:45] Fatal Error at FeedLine 39: Uncaught Google\AdsApi\AdWords\v201708\cm\ApiException: [PolicyViolationError{super=PolicyViolationError.POLICY_ERROR @ operations[0].operand.ad.description, key=PolicyViolationKey{policyName=drugs_paraphernalia,violatingText=Alkohol}, externalPolicyName=Google AdWords, externalPolicyUrl=, externalPolicyDescription=This ad or keyword requires review before it can run., isExemtable=true, violatingParts=[Part{index=30, length=7}]}, PolicyViolationError{super=PolicyViolationError.POLICY_ERROR @ operations[1].operand.ad.description, key=PolicyViolationKey{policyName=drugs_paraphernalia,violatingText=Alkohol}, externalPolicyName=Google AdWords, externalPolicyUrl=, externalPolicyDescription=This ad or keyword requires review before it can run., isExemtable=true, violatingParts=[Part{index=30, length=7}]}] in C:\xampp\htdocs\adwords\src\Google\AdsApi\Common\Util\Reflection.php:39
Stack trace:
#0 C:\xampp\htdocs\adwords\src\Google\AdsApi\Common\Util\Reflection.php(39): ReflectionClass->newInstanceArgs(Array)
#1 C:\xa
[2017-09-23 14:23:02] Create AdGroup: Leaton kinder With 2 Ads Variations and Keywords (Leatonkinder)
[2017-09-23 14:23:09] Fatal Error at FeedLine 41: Uncaught Google\AdsApi\AdWords\v201708\cm\ApiException: [PolicyViolationError{super=PolicyViolationError.POLICY_ERROR @ operations[1].operand.ad.description, key=PolicyViolationKey{policyName=pharma,violatingText=Ginkgo}, externalPolicyName=Online pharmacy certification required, externalPolicyUrl=, externalPolicyDescription=Your ad appears to contain pharmacy-related content.

Google policy requires online pharmacies* in the U.S. to be accredited by the National Association Boards of Pharmacy. Additionally, these pharmacies may direct ads only to users in the country in which they are accredited.

Google policy also requires online pharmacy websites targeting ads to locations where it is permitted to be registered with their respective national pharmaceutical societies or guilds.

The AdWords program is open only to online pharmacies based in the above countries. Google policy does not allow AdWords ads for prescription drugs to be displayed in other countries.

*Pharmaceutical manufacturers cannot advertise
[2017-09-23 14:23:26] Create AdGroup: Leaton classic With 2 Ads Variations and Keywords (Leatonclassic)
[2017-09-23 14:23:36] Create AdGroup: Sangenor With 2 Ads Variations and Keywords (Sangenor)
[2017-09-23 14:23:47] Create AdGroup: Sangenor Sport With 2 Ads Variations and Keywords (SangenorSport)
[2017-09-23 14:23:58] Create AdGroup: Similasan With 2 Ads Variations and Keywords (Similasan)
[2017-09-23 14:24:09] Create AdGroup: Similasan With 2 Ads Variations and Keywords (Similasan)
[2017-09-23 14:24:19] Create AdGroup: Similasan With 2 Ads Variations and Keywords (Similasan)
[2017-09-23 14:24:28] Create AdGroup: Similasan With 2 Ads Variations and Keywords (Similasan)
[2017-09-23 14:24:38] Create AdGroup: Similasan With 2 Ads Variations and Keywords (Similasan)
[2017-09-23 14:24:50] Create AdGroup: Similasan With 2 Ads Variations and Keywords (Similasan)
[2017-09-23 14:25:03] Create AdGroup: Similasan With 2 Ads Variations and Keywords (Similasan)
[2017-09-23 14:25:12] Create AdGroup: Doppelherz system With 2 Ads Variations and Keywords (Doppelherzsystem)
[2017-09-23 14:25:22] Create AdGroup: Doppelherz system With 2 Ads Variations and Keywords (Doppelherzsystem)
[2017-09-23 14:25:33] Create AdGroup: Doppelherz system With 2 Ads Variations and Keywords (Doppelherzsystem)
[2017-09-23 14:25:43] Create AdGroup: Doppelherz system With 2 Ads Variations and Keywords (Doppelherzsystem)
[2017-09-23 14:25:52] Create AdGroup: Lefaxin With 2 Ads Variations and Keywords (Lefaxin)
[2017-09-23 14:26:02] Create AdGroup: Luuf Mare With 2 Ads Variations and Keywords (LuufMare)
[2017-09-23 14:26:14] Create AdGroup: Luuf Mare Baby With 2 Ads Variations and Keywords (LuufMareBaby)
[2017-09-23 14:26:14] **Error: The following cannot be empty in the feed; Description, Keywords, 
[2017-09-23 14:26:26] Create AdGroup: Rennie With 2 Ads Variations and Keywords (Rennie)
[2017-09-23 14:26:37] Create AdGroup: Similasan With 2 Ads Variations and Keywords (Similasan)
[2017-09-23 14:26:46] Create AdGroup: Similasan With 2 Ads Variations and Keywords (Similasan)
[2017-09-23 14:26:55] Create AdGroup: Similasan With 2 Ads Variations and Keywords (Similasan)
[2017-09-23 14:26:55] **Error: The following cannot be empty in the feed; Description, Keywords, 
[2017-09-23 14:27:07] Create AdGroup: Similasan With 2 Ads Variations and Keywords (Similasan)
[2017-09-23 14:27:07] **Error: The following cannot be empty in the feed; Description, Keywords, 
[2017-09-23 14:27:16] Create AdGroup: Similasan With 2 Ads Variations and Keywords (Similasan)
[2017-09-23 14:27:28] Create AdGroup: Similasan With 2 Ads Variations and Keywords (Similasan)
[2017-09-23 14:27:44] Create AdGroup: Similasan With 2 Ads Variations and Keywords (Similasan)
[2017-09-23 14:27:52] Fatal Error at FeedLine 70: Uncaught Google\AdsApi\AdWords\v201708\cm\ApiException: [PolicyViolationError{super=PolicyViolationError.POLICY_ERROR @ operations[0].operand.ad.description, key=PolicyViolationKey{policyName=pharma,violatingText=Angina}, externalPolicyName=Online pharmacy certification required, externalPolicyUrl=, externalPolicyDescription=Your ad appears to contain pharmacy-related content.

Google policy requires online pharmacies* in the U.S. to be accredited by the National Association Boards of Pharmacy. Additionally, these pharmacies may direct ads only to users in the country in which they are accredited.

Google policy also requires online pharmacy websites targeting ads to locations where it is permitted to be registered with their respective national pharmaceutical societies or guilds.

The AdWords program is open only to online pharmacies based in the above countries. Google policy does not allow AdWords ads for prescription drugs to be displayed in other countries.

*Pharmaceutical manufacturers cannot advertise
[2017-09-23 14:28:07] Create AdGroup: Similasan With 2 Ads Variations and Keywords (Similasan)
[2017-09-23 14:28:16] Create AdGroup: Similasan With 2 Ads Variations and Keywords (Similasan)
[2017-09-23 14:28:25] Create AdGroup: Similasan With 2 Ads Variations and Keywords (Similasan)
[2017-09-23 14:28:34] Create AdGroup: Similasan With 2 Ads Variations and Keywords (Similasan)
[2017-09-23 14:28:44] Create AdGroup: Similasan With 2 Ads Variations and Keywords (Similasan)
[2017-09-23 14:28:56] Create AdGroup: Vertebene With 2 Ads Variations and Keywords (Vertebene)
[2017-09-23 14:29:06] Create AdGroup: Vertebene With 2 Ads Variations and Keywords (Vertebene)
[2017-09-23 14:29:15] Create AdGroup: Similasan With 2 Ads Variations and Keywords (Similasan)
[2017-09-23 14:29:21] Fatal Error at FeedLine 79: Uncaught Google\AdsApi\AdWords\v201708\cm\ApiException: [PolicyViolationError{super=PolicyViolationError.POLICY_ERROR @ operations[0].operand.ad.description, key=PolicyViolationKey{policyName=pharma,violatingText=Linderung}, externalPolicyName=Online pharmacy certification required, externalPolicyUrl=, externalPolicyDescription=Your ad appears to contain pharmacy-related content.

Google policy requires online pharmacies* in the U.S. to be accredited by the National Association Boards of Pharmacy. Additionally, these pharmacies may direct ads only to users in the country in which they are accredited.

Google policy also requires online pharmacy websites targeting ads to locations where it is permitted to be registered with their respective national pharmaceutical societies or guilds.

The AdWords program is open only to online pharmacies based in the above countries. Google policy does not allow AdWords ads for prescription drugs to be displayed in other countries.

*Pharmaceutical manufacturers cannot advert
[2017-09-23 14:29:36] Create AdGroup: Similasan With 2 Ads Variations and Keywords (Similasan)
[2017-09-23 14:29:47] Create AdGroup: Similasan With 2 Ads Variations and Keywords (Similasan)
[2017-09-23 14:29:59] Create AdGroup: Similasan With 2 Ads Variations and Keywords (Similasan)
[2017-09-23 14:29:59] **Error: The following cannot be empty in the feed; Description, Keywords, 
[2017-09-23 14:30:09] Create AdGroup: Similasan With 2 Ads Variations and Keywords (Similasan)
[2017-09-23 14:30:09] **Error: The following cannot be empty in the feed; Description, Keywords, 
[2017-09-23 14:30:09] **Error: The following cannot be empty in the feed; Description, Keywords, 
[2017-09-23 14:30:19] Create AdGroup: Priorin With 2 Ads Variations and Keywords (Priorin)
[2017-09-23 14:30:29] Create AdGroup: Prelox With 2 Ads Variations and Keywords (Prelox)
[2017-09-23 14:30:29] **Error: The following cannot be empty in the feed; Description, Keywords, 
[2017-09-23 14:30:29] **Error: The following cannot be empty in the feed; Description, Keywords, 
[2017-09-23 14:30:38] Create AdGroup: TurboSlim With 2 Ads Variations and Keywords (TurboSlim)
[2017-09-23 14:30:47] Create AdGroup: TurboSlim - Himbeer- With 2 Ads Variations and Keywords (TurboSlim-Himbeer-)
[2017-09-23 14:30:47] **Error: The following cannot be empty in the feed; Description, Keywords, 
[2017-09-23 14:30:58] Create AdGroup: TurboSlim 24 With 2 Ads Variations and Keywords (TurboSlim24)
[2017-09-23 14:31:10] Create AdGroup: TurboSlim 24 With 2 Ads Variations and Keywords (TurboSlim24)
[2017-09-23 14:31:22] Create AdGroup: ThermaCare With 2 Ads Variations and Keywords (ThermaCare)
[2017-09-23 14:31:33] Create AdGroup: ThermaCare With 2 Ads Variations and Keywords (ThermaCare)
[2017-09-23 14:31:33] **Error: The following cannot be empty in the feed; Description, Keywords, 
[2017-09-23 14:31:33] **Error: The following cannot be empty in the feed; Description, Keywords, 
[2017-09-23 14:31:33] **Error: The following cannot be empty in the feed; Description, Keywords, 
[2017-09-23 14:31:33] **Error: The following cannot be empty in the feed; Description, Keywords, 
[2017-09-23 14:31:44] Create AdGroup: Omb'e With 2 Ads Variations and Keywords (Ombe)
[2017-09-23 14:31:55] Create AdGroup: Similasan With 2 Ads Variations and Keywords (Similasan)
[2017-09-23 14:32:08] Create AdGroup: Similasan With 2 Ads Variations and Keywords (Similasan)
[2017-09-23 14:32:21] Create AdGroup: Similasan With 2 Ads Variations and Keywords (Similasan)
[2017-09-23 14:32:21] **Error: The following cannot be empty in the feed; Description, Keywords, 
[2017-09-23 14:32:35] Create AdGroup: Echinacin With 2 Ads Variations and Keywords (Echinacin)
[2017-09-23 14:32:46] Create AdGroup: Echinacin With 2 Ads Variations and Keywords (Echinacin)
[2017-09-23 14:32:56] Create AdGroup: Echinacin With 2 Ads Variations and Keywords (Echinacin)
[2017-09-23 14:33:03] Fatal Error at FeedLine 110: Uncaught Google\AdsApi\AdWords\v201708\cm\ApiException: [PolicyViolationError{super=PolicyViolationError.POLICY_ERROR @ operations[1].operand.ad.headlinePart1, key=PolicyViolationKey{policyName=prescription_drug_terms,violatingText=Normison}, externalPolicyName=Google AdWords, externalPolicyUrl=, externalPolicyDescription=This ad or keyword requires review before it can run., isExemtable=true, violatingParts=[Part{index=6, length=8}]}, PolicyViolationError{super=PolicyViolationError.POLICY_ERROR @ operations[0].operand.ad.headlinePart1, key=PolicyViolationKey{policyName=prescription_drug_terms,violatingText=Normison}, externalPolicyName=Google AdWords, externalPolicyUrl=, externalPolicyDescription=This ad or keyword requires review before it can run., isExemtable=true, violatingParts=[Part{index=4, length=8}]}] in C:\xampp\htdocs\adwords\src\Google\AdsApi\Common\Util\Reflection.php:39
Stack trace:
#0 C:\xampp\htdocs\adwords\src\Google\AdsApi\Common\Util\Reflection.php(39): ReflectionClass->newInstanceArgs(Arr
[2017-09-23 14:33:10] **Error: The following cannot be empty in the feed; Description, Keywords, 
[2017-09-23 14:33:21] Create AdGroup: junior-angin With 2 Ads Variations and Keywords (junior-angin)
[2017-09-23 14:33:34] Create AdGroup: neo-angin Pastillen With 2 Ads Variations and Keywords (neo-anginPastillen)
[2017-09-23 14:33:44] Create AdGroup: neo-angin With 2 Ads Variations and Keywords (neo-angin)
[2017-09-23 14:33:55] Create AdGroup: Talcid With 2 Ads Variations and Keywords (Talcid)
[2017-09-23 14:34:04] Create AdGroup: Talcid With 2 Ads Variations and Keywords (Talcid)
[2017-09-23 14:34:15] Create AdGroup: Lactamousse With 2 Ads Variations and Keywords (Lactamousse)
[2017-09-23 14:34:24] Create AdGroup: Hylaktiv With 2 Ads Variations and Keywords (Hylaktiv)
[2017-09-23 14:34:34] Create AdGroup: Hylaktiv With 2 Ads Variations and Keywords (Hylaktiv)
[2017-09-23 14:34:34] **Error: The following cannot be empty in the feed; Description, Keywords, 
[2017-09-23 14:34:45] Create AdGroup: Hylaktiv With 2 Ads Variations and Keywords (Hylaktiv)
[2017-09-23 14:34:55] Create AdGroup: Hylaktiv With 2 Ads Variations and Keywords (Hylaktiv)
[2017-09-23 14:35:04] Create AdGroup: Iberogast With 2 Ads Variations and Keywords (Iberogast)
[2017-09-23 14:35:13] Create AdGroup: Ichtholan 50% With 2 Ads Variations and Keywords (Ichtholan50)
[2017-09-23 14:35:13] **Error: The following cannot be empty in the feed; Description, Keywords, 
[2017-09-23 14:35:13] **Error: The following cannot be empty in the feed; Description, Keywords, 
[2017-09-23 14:35:13] **Error: The following cannot be empty in the feed; Description, Keywords, 
[2017-09-23 14:35:13] **Error: The following cannot be empty in the feed; Description, Keywords, 
[2017-09-23 14:35:21] Create AdGroup: Supradyn With 2 Ads Variations and Keywords (Supradyn)
[2017-09-23 14:35:31] Create AdGroup: Grether's Pastilles With 2 Ads Variations and Keywords (GrethersPastilles)
[2017-09-23 14:35:40] Create AdGroup: Grether's Pastilles With 2 Ads Variations and Keywords (GrethersPastilles)
[2017-09-23 14:35:46] Fatal Error at FeedLine 132: Uncaught Google\AdsApi\AdWords\v201708\cm\ApiException: [PolicyViolationError{super=PolicyViolationError.POLICY_ERROR @ operations[0].operand.ad.description, key=PolicyViolationKey{policyName=prescription_drug_terms,violatingText=Kapseln}, externalPolicyName=Google AdWords, externalPolicyUrl=, externalPolicyDescription=This ad or keyword requires review before it can run., isExemtable=true, violatingParts=[Part{index=38, length=7}]}, PolicyViolationError{super=PolicyViolationError.POLICY_ERROR @ operations[1].operand.ad.description, key=PolicyViolationKey{policyName=prescription_drug_terms,violatingText=Kapseln}, externalPolicyName=Google AdWords, externalPolicyUrl=, externalPolicyDescription=This ad or keyword requires review before it can run., isExemtable=true, violatingParts=[Part{index=38, length=7}]}] in C:\xampp\htdocs\adwords\src\Google\AdsApi\Common\Util\Reflection.php:39
Stack trace:
#0 C:\xampp\htdocs\adwords\src\Google\AdsApi\Common\Util\Reflection.php(39): ReflectionClass->newInstanceArgs(Array)

[2017-09-23 14:36:01] Fatal Error at FeedLine 133: Uncaught Google\AdsApi\AdWords\v201708\cm\ApiException: [PolicyViolationError{super=PolicyViolationError.POLICY_ERROR @ operations[0].operand.ad.description, key=PolicyViolationKey{policyName=prescription_drug_terms,violatingText=Arznei}, externalPolicyName=Google AdWords, externalPolicyUrl=, externalPolicyDescription=This ad or keyword requires review before it can run., isExemtable=true, violatingParts=[Part{index=46, length=6}]}, PolicyViolationError{super=PolicyViolationError.POLICY_ERROR @ operations[1].operand.ad.description, key=PolicyViolationKey{policyName=prescription_drug_terms,violatingText=Arznei}, externalPolicyName=Google AdWords, externalPolicyUrl=, externalPolicyDescription=This ad or keyword requires review before it can run., isExemtable=true, violatingParts=[Part{index=46, length=6}]}] in C:\xampp\htdocs\adwords\src\Google\AdsApi\Common\Util\Reflection.php:39
Stack trace:
#0 C:\xampp\htdocs\adwords\src\Google\AdsApi\Common\Util\Reflection.php(39): ReflectionClass->newInstanceArgs(Array)
#1
[2017-09-23 14:36:06] **Error: The following cannot be empty in the feed; Description, Keywords, 
[2017-09-23 14:36:06] **Error: The following cannot be empty in the feed; Description, Keywords, 
[2017-09-23 14:36:12] Fatal Error at FeedLine 136: Uncaught Google\AdsApi\AdWords\v201708\cm\ApiException: [PolicyViolationError{super=PolicyViolationError.POLICY_ERROR @ operations[1].operand.ad.description, key=PolicyViolationKey{policyName=pharma,violatingText=Linderung}, externalPolicyName=Online pharmacy certification required, externalPolicyUrl=, externalPolicyDescription=Your ad appears to contain pharmacy-related content.

Google policy requires online pharmacies* in the U.S. to be accredited by the National Association Boards of Pharmacy. Additionally, these pharmacies may direct ads only to users in the country in which they are accredited.

Google policy also requires online pharmacy websites targeting ads to locations where it is permitted to be registered with their respective national pharmaceutical societies or guilds.

The AdWords program is open only to online pharmacies based in the above countries. Google policy does not allow AdWords ads for prescription drugs to be displayed in other countries.

*Pharmaceutical manufacturers cannot advert
[2017-09-23 14:36:27] Create AdGroup: Gynophilus With 2 Ads Variations and Keywords (Gynophilus)
[2017-09-23 14:36:36] Create AdGroup: Gleitgelen With 2 Ads Variations and Keywords (Gleitgelen)
[2017-09-23 14:36:46] Create AdGroup: Sinupret forte With 2 Ads Variations and Keywords (Sinupretforte)
[2017-09-23 14:36:55] Create AdGroup: Sinupret With 2 Ads Variations and Keywords (Sinupret)
[2017-09-23 14:37:06] Create AdGroup: Sinupret With 2 Ads Variations and Keywords (Sinupret)
[2017-09-23 14:37:16] Create AdGroup: FORTÈ PHARMA With 2 Ads Variations and Keywords (FORTPHARMA)
[2017-09-23 14:37:27] Create AdGroup: Footner Fußmaske With 2 Ads Variations and Keywords (FootnerFumaske)
[2017-09-23 14:37:36] Create AdGroup: Ipalat Halspastillen With 2 Ads Variations and Keywords (IpalatHalspastillen)
[2017-09-23 14:37:46] Create AdGroup: dolo-angin With 2 Ads Variations and Keywords (dolo-angin)
[2017-09-23 14:38:16] Create AdGroup: CB12 Mundspülung With 2 Ads Variations and Keywords (CB12Mundsplung)
[2017-09-23 14:38:26] Create AdGroup: Euphorbium With 2 Ads Variations and Keywords (Euphorbium)
[2017-09-23 14:38:36] Create AdGroup: Nasmer 3 plus With 2 Ads Variations and Keywords (Nasmer3plus)
[2017-09-23 14:38:46] Create AdGroup: Sinupret With 2 Ads Variations and Keywords (Sinupret)
[2017-09-23 14:38:57] Create AdGroup: Florea With 2 Ads Variations and Keywords (Florea)
[2017-09-23 14:39:07] Create AdGroup: Bepanthol Lip With 2 Ads Variations and Keywords (BepantholLip)
[2017-09-23 14:39:17] Create AdGroup: Padma Nervotonin With 2 Ads Variations and Keywords (PadmaNervotonin)
[2017-09-23 14:39:28] Create AdGroup: Padma Hepaten With 2 Ads Variations and Keywords (PadmaHepaten)
[2017-09-23 14:39:41] Create AdGroup: Padma Digestin With 2 Ads Variations and Keywords (PadmaDigestin)
[2017-09-23 14:39:51] Create AdGroup: Korodin With 2 Ads Variations and Keywords (Korodin)
[2017-09-23 14:40:01] Create AdGroup: Pankreoflat With 2 Ads Variations and Keywords (Pankreoflat)
[2017-09-23 14:40:11] Create AdGroup: Regaine With 2 Ads Variations and Keywords (Regaine)
[2017-09-23 14:40:21] Create AdGroup: Regaine With 2 Ads Variations and Keywords (Regaine)
[2017-09-23 14:40:32] Create AdGroup: Pyralvex With 2 Ads Variations and Keywords (Pyralvex)
[2017-09-23 14:40:42] Create AdGroup: Padma Circosan With 2 Ads Variations and Keywords (PadmaCircosan)
[2017-09-23 14:40:53] Create AdGroup: Padma Circosan With 2 Ads Variations and Keywords (PadmaCircosan)
[2017-09-23 14:41:04] Create AdGroup: Similasan With 2 Ads Variations and Keywords (Similasan)
[2017-09-23 14:41:04] **Error: The following cannot be empty in the feed; Description, Keywords, 
[2017-09-23 14:41:15] Create AdGroup: Sanostol With 2 Ads Variations and Keywords (Sanostol)
[2017-09-23 14:41:30] Create AdGroup: Sanostol With 2 Ads Variations and Keywords (Sanostol)
[2017-09-23 14:41:42] Create AdGroup: Sanostol With 2 Ads Variations and Keywords (Sanostol)
[2017-09-23 14:41:53] Create AdGroup: Sanostol With 2 Ads Variations and Keywords (Sanostol)
[2017-09-23 14:42:03] Create AdGroup: ratioAllerg With 2 Ads Variations and Keywords (ratioAllerg)
[2017-09-23 14:42:12] Create AdGroup: Echinaforce With 2 Ads Variations and Keywords (Echinaforce)
[2017-09-23 14:42:23] Create AdGroup: Metavirulent With 2 Ads Variations and Keywords (Metavirulent)
[2017-09-23 14:42:33] Create AdGroup: Bepanthol Lipstick With 2 Ads Variations and Keywords (BepantholLipstick)
[2017-09-23 14:42:44] Create AdGroup: Snoreeze With 2 Ads Variations and Keywords (Snoreeze)
[2017-09-23 14:42:44] **Error: The following cannot be empty in the feed; Description, Keywords, 
[2017-09-23 14:42:56] Create AdGroup: Dorithricin With 2 Ads Variations and Keywords (Dorithricin)
[2017-09-23 14:43:05] Create AdGroup: Supradyn With 2 Ads Variations and Keywords (Supradyn)
[2017-09-23 14:43:15] Create AdGroup: Supradyn With 2 Ads Variations and Keywords (Supradyn)
[2017-09-23 14:43:24] Create AdGroup: Supradyn With 2 Ads Variations and Keywords (Supradyn)
[2017-09-23 14:43:34] Create AdGroup: Sanvita With 2 Ads Variations and Keywords (Sanvita)
[2017-09-23 14:43:42] Fatal Error at FeedLine 179: Uncaught Google\AdsApi\AdWords\v201708\cm\ApiException: [PolicyViolationError{super=PolicyViolationError.POLICY_ERROR @ operations[1].operand.ad.description, key=PolicyViolationKey{policyName=pharma,violatingText=Linderung}, externalPolicyName=Online pharmacy certification required, externalPolicyUrl=, externalPolicyDescription=Your ad appears to contain pharmacy-related content.

Google policy requires online pharmacies* in the U.S. to be accredited by the National Association Boards of Pharmacy. Additionally, these pharmacies may direct ads only to users in the country in which they are accredited.

Google policy also requires online pharmacy websites targeting ads to locations where it is permitted to be registered with their respective national pharmaceutical societies or guilds.

The AdWords program is open only to online pharmacies based in the above countries. Google policy does not allow AdWords ads for prescription drugs to be displayed in other countries.

*Pharmaceutical manufacturers cannot advert
